[debug] [2021-04-06T18:11:04.707Z] ----------------------------------------------------------------------
[debug] [2021-04-06T18:11:04.714Z] Command:       C:\Program Files\nodejs\node.exe C:\Users\Khan Tanveer\AppData\Roaming\npm\node_modules\firebase-tools\lib\bin\firebase.js emulators:start
[debug] [2021-04-06T18:11:04.715Z] CLI Version:   9.8.0
[debug] [2021-04-06T18:11:04.715Z] Platform:      win32
[debug] [2021-04-06T18:11:04.716Z] Node Version:  v14.15.4
[debug] [2021-04-06T18:11:04.807Z] Time:          Tue Apr 06 2021 23:41:04 GMT+0530 (India Standard Time)
[debug] [2021-04-06T18:11:04.808Z] ----------------------------------------------------------------------
[debug] 
[debug] [2021-04-06T18:11:05.032Z] > command requires scopes: ["email","openid","https://www.googleapis.com/auth/cloudplatformprojects.readonly","https://www.googleapis.com/auth/firebase","https://www.googleapis.com/auth/cloud-platform"]
[debug] [2021-04-06T18:11:05.034Z] > authorizing via signed-in user
[info] i  emulators: Starting emulators: functions, hosting {"metadata":{"emulator":{"name":"hub"},"message":"Starting emulators: functions, hosting"}}
[debug] [2021-04-06T18:11:06.071Z] [hub] writing locator at C:\PROGRA~1\KMSpico\temp\hub-clone2-25697.json
[warn] !  functions: The following emulators are not running, calls to these services from the Functions emulator will affect production: auth, firestore, database, pubsub {"metadata":{"emulator":{"name":"functions"},"message":"The following emulators are not running, calls to these services from the Functions emulator will affect production: \u001b[1mauth, firestore, database, pubsub\u001b[22m"}}
[warn] !  Your requested "node" version "12" doesn't match your global version "14" {"metadata":{"emulator":{"name":"functions"},"message":"Your requested \"node\" version \"12\" doesn't match your global version \"14\""}}
[debug] [2021-04-06T18:11:06.458Z] defaultcredentials: writing to file C:\Users\Khan Tanveer\AppData\Roaming\firebase\zatchbell305_gmail_com_application_default_credentials.json
[debug] [2021-04-06T18:11:06.470Z] Setting GAC to C:\Users\Khan Tanveer\AppData\Roaming\firebase\zatchbell305_gmail_com_application_default_credentials.json {"metadata":{"emulator":{"name":"functions"},"message":"Setting GAC to C:\\Users\\Khan Tanveer\\AppData\\Roaming\\firebase\\zatchbell305_gmail_com_application_default_credentials.json"}}
[debug] [2021-04-06T18:11:06.478Z] > refreshing access token with scopes: []
[debug] [2021-04-06T18:11:06.481Z] >>> HTTP REQUEST POST https://www.googleapis.com/oauth2/v3/token  
 <request body omitted>
[debug] [2021-04-06T18:11:06.910Z] <<< HTTP RESPONSE 200 {"cache-control":"no-cache, no-store, max-age=0, must-revalidate","pragma":"no-cache","date":"Tue, 06 Apr 2021 18:11:06 GMT","expires":"Mon, 01 Jan 1990 00:00:00 GMT","content-type":"application/json; charset=utf-8","vary":"X-Origin, Referer, Origin,Accept-Encoding","server":"scaffolding on HTTPServer2","x-xss-protection":"0","x-frame-options":"SAMEORIGIN","x-content-type-options":"nosniff","alt-svc":"h3-29=\":443\"; ma=2592000,h3-T051=\":443\"; ma=2592000,h3-Q050=\":443\"; ma=2592000,h3-Q046=\":443\"; ma=2592000,h3-Q043=\":443\"; ma=2592000,quic=\":443\"; ma=2592000; v=\"46,43\"","accept-ranges":"none","transfer-encoding":"chunked"}
[debug] [2021-04-06T18:11:06.963Z] >>> [apiv2][query] GET https://firebase.googleapis.com/v1beta1/projects/clone2-25697/adminSdkConfig [none]
[debug] [2021-04-06T18:11:07.844Z] <<< [apiv2][status] GET https://firebase.googleapis.com/v1beta1/projects/clone2-25697/adminSdkConfig 200
[debug] [2021-04-06T18:11:07.845Z] <<< [apiv2][body] GET https://firebase.googleapis.com/v1beta1/projects/clone2-25697/adminSdkConfig {"projectId":"clone2-25697","storageBucket":"clone2-25697.appspot.com","locationId":"us-central"}
[debug] [2021-04-06T18:11:07.895Z] >>> [apiv2][query] GET https://firebase.googleapis.com/v1beta1/projects/clone2-25697/webApps/-/config [none]
[debug] [2021-04-06T18:11:09.431Z] <<< [apiv2][status] GET https://firebase.googleapis.com/v1beta1/projects/clone2-25697/webApps/-/config 200
[debug] [2021-04-06T18:11:09.431Z] <<< [apiv2][body] GET https://firebase.googleapis.com/v1beta1/projects/clone2-25697/webApps/-/config {"projectId":"clone2-25697","appId":"1:23322144147:web:3351f62c5584ee2f9d8c66","storageBucket":"clone2-25697.appspot.com","locationId":"us-central","apiKey":"AIzaSyBWZmY1blM1-VJYcW8kgG3sw1thnASmwF4","authDomain":"clone2-25697.firebaseapp.com","messagingSenderId":"23322144147","measurementId":"G-MJ4RV7Z7NV"}
[info] i  hosting: Serving hosting files from: build {"metadata":{"emulator":{"name":"hosting"},"message":"Serving hosting files from: \u001b[1mbuild\u001b[22m"}}
[info] +  hosting: Local server: http://localhost:5000 {"metadata":{"emulator":{"name":"hosting"},"message":"Local server: \u001b[4m\u001b[1mhttp://localhost:5000\u001b[22m\u001b[24m"}}
[debug] [2021-04-06T18:11:09.846Z] Ignoring unsupported arg: auto_download {"metadata":{"emulator":{"name":"ui"},"message":"Ignoring unsupported arg: auto_download"}}
[debug] [2021-04-06T18:11:09.847Z] Ignoring unsupported arg: port {"metadata":{"emulator":{"name":"ui"},"message":"Ignoring unsupported arg: port"}}
[debug] [2021-04-06T18:11:09.848Z] Starting Emulator UI with command {"binary":"node","args":["C:\\Users\\Khan Tanveer\\.cache\\firebase\\emulators\\ui-v1.4.2\\server.bundle.js"],"optionalArgs":[],"joinArgs":false} {"metadata":{"emulator":{"name":"ui"},"message":"Starting Emulator UI with command {\"binary\":\"node\",\"args\":[\"C:\\\\Users\\\\Khan Tanveer\\\\.cache\\\\firebase\\\\emulators\\\\ui-v1.4.2\\\\server.bundle.js\"],\"optionalArgs\":[],\"joinArgs\":false}"}}
[info] i  ui: Emulator UI logging to ui-debug.log {"metadata":{"emulator":{"name":"ui"},"message":"Emulator UI logging to \u001b[1mui-debug.log\u001b[22m"}}
[debug] [2021-04-06T18:11:10.328Z] Web / API server started at http://localhost:4000
 {"metadata":{"emulator":{"name":"ui"},"message":"Web / API server started at http://localhost:4000\n"}}
[info] i  functions: Watching "C:\Users\Khan Tanveer\Desktop\practice react\amazon-clone\functions" for Cloud Functions... {"metadata":{"emulator":{"name":"functions"},"message":"Watching \"C:\\Users\\Khan Tanveer\\Desktop\\practice react\\amazon-clone\\functions\" for Cloud Functions..."}}
[debug] [2021-04-06T18:11:10.531Z] [worker-pool] addWorker(~diagnostic~) {"metadata":{"emulator":{"name":"functions"},"message":"[worker-pool] addWorker(~diagnostic~)"}}
[debug] [2021-04-06T18:11:10.532Z] [worker-pool] Adding worker with key ~diagnostic~, total=1 {"metadata":{"emulator":{"name":"functions"},"message":"[worker-pool] Adding worker with key ~diagnostic~, total=1"}}
[debug] [2021-04-06T18:11:10.533Z] [worker-pool] submitWork(triggerId=) {"metadata":{"emulator":{"name":"functions"},"message":"[worker-pool] submitWork(triggerId=)"}}
[debug] [2021-04-06T18:11:10.535Z] [worker-~diagnostic~-e6f95bf0-da83-40ef-b3c3-d9bee8b9793c]: Assigning socketPath: \\?\pipe\C:\Users\Khan Tanveer\Desktop\practice react\amazon-clone\functions\10288 {"metadata":{"emulator":{"name":"functions"},"message":"[worker-~diagnostic~-e6f95bf0-da83-40ef-b3c3-d9bee8b9793c]: Assigning socketPath: \\\\?\\pipe\\C:\\Users\\Khan Tanveer\\Desktop\\practice react\\amazon-clone\\functions\\10288"}}
[debug] [2021-04-06T18:11:10.537Z] [worker-~diagnostic~-e6f95bf0-da83-40ef-b3c3-d9bee8b9793c]: BUSY {"metadata":{"emulator":{"name":"functions"},"message":"[worker-~diagnostic~-e6f95bf0-da83-40ef-b3c3-d9bee8b9793c]: BUSY"}}
[debug] [2021-04-06T18:11:11.013Z] [runtime-status] [10288] Functions runtime initialized. {"cwd":"C:\\Users\\Khan Tanveer\\Desktop\\practice react\\amazon-clone\\functions","node_version":"14.15.4"} {"metadata":{"emulator":{"name":"functions"},"message":"[runtime-status] [10288] Functions runtime initialized. {\"cwd\":\"C:\\\\Users\\\\Khan Tanveer\\\\Desktop\\\\practice react\\\\amazon-clone\\\\functions\",\"node_version\":\"14.15.4\"}"}}
[debug] [2021-04-06T18:11:11.016Z] [runtime-status] [10288] Disabled runtime features: undefined {"metadata":{"emulator":{"name":"functions"},"message":"[runtime-status] [10288] Disabled runtime features: undefined"}}
[debug] [2021-04-06T18:11:11.101Z] [runtime-status] [10288] Resolved module firebase-admin {"declared":true,"installed":true,"version":"9.6.0","resolution":"C:\\Users\\Khan Tanveer\\Desktop\\practice react\\amazon-clone\\functions\\node_modules\\firebase-admin\\lib\\index.js"} {"metadata":{"emulator":{"name":"functions"},"message":"[runtime-status] [10288] Resolved module firebase-admin {\"declared\":true,\"installed\":true,\"version\":\"9.6.0\",\"resolution\":\"C:\\\\Users\\\\Khan Tanveer\\\\Desktop\\\\practice react\\\\amazon-clone\\\\functions\\\\node_modules\\\\firebase-admin\\\\lib\\\\index.js\"}"}}
[debug] [2021-04-06T18:11:11.189Z] [runtime-status] [10288] Resolved module firebase-functions {"declared":true,"installed":true,"version":"3.13.2","resolution":"C:\\Users\\Khan Tanveer\\Desktop\\practice react\\amazon-clone\\functions\\node_modules\\firebase-functions\\lib\\index.js"} {"metadata":{"emulator":{"name":"functions"},"message":"[runtime-status] [10288] Resolved module firebase-functions {\"declared\":true,\"installed\":true,\"version\":\"3.13.2\",\"resolution\":\"C:\\\\Users\\\\Khan Tanveer\\\\Desktop\\\\practice react\\\\amazon-clone\\\\functions\\\\node_modules\\\\firebase-functions\\\\lib\\\\index.js\"}"}}
[debug] [2021-04-06T18:11:11.194Z] [runtime-status] [10288] Resolved module firebase-functions {"declared":true,"installed":true,"version":"3.13.2","resolution":"C:\\Users\\Khan Tanveer\\Desktop\\practice react\\amazon-clone\\functions\\node_modules\\firebase-functions\\lib\\index.js"} {"metadata":{"emulator":{"name":"functions"},"message":"[runtime-status] [10288] Resolved module firebase-functions {\"declared\":true,\"installed\":true,\"version\":\"3.13.2\",\"resolution\":\"C:\\\\Users\\\\Khan Tanveer\\\\Desktop\\\\practice react\\\\amazon-clone\\\\functions\\\\node_modules\\\\firebase-functions\\\\lib\\\\index.js\"}"}}
[debug] [2021-04-06T18:11:11.200Z] [runtime-status] [10288] Outgoing network have been stubbed. [{"name":"http","status":"mocked"},{"name":"http","status":"mocked"},{"name":"https","status":"mocked"},{"name":"https","status":"mocked"},{"name":"net","status":"mocked"}] {"metadata":{"emulator":{"name":"functions"},"message":"[runtime-status] [10288] Outgoing network have been stubbed. [{\"name\":\"http\",\"status\":\"mocked\"},{\"name\":\"http\",\"status\":\"mocked\"},{\"name\":\"https\",\"status\":\"mocked\"},{\"name\":\"https\",\"status\":\"mocked\"},{\"name\":\"net\",\"status\":\"mocked\"}]"}}
[debug] [2021-04-06T18:11:11.202Z] [runtime-status] [10288] Resolved module firebase-functions {"declared":true,"installed":true,"version":"3.13.2","resolution":"C:\\Users\\Khan Tanveer\\Desktop\\practice react\\amazon-clone\\functions\\node_modules\\firebase-functions\\lib\\index.js"} {"metadata":{"emulator":{"name":"functions"},"message":"[runtime-status] [10288] Resolved module firebase-functions {\"declared\":true,\"installed\":true,\"version\":\"3.13.2\",\"resolution\":\"C:\\\\Users\\\\Khan Tanveer\\\\Desktop\\\\practice react\\\\amazon-clone\\\\functions\\\\node_modules\\\\firebase-functions\\\\lib\\\\index.js\"}"}}
[debug] [2021-04-06T18:11:13.128Z] [runtime-status] [10288] Checked functions.config() {"config":{}} {"metadata":{"emulator":{"name":"functions"},"message":"[runtime-status] [10288] Checked functions.config() {\"config\":{}}"}}
[debug] [2021-04-06T18:11:13.130Z] [runtime-status] [10288] firebase-functions has been stubbed. {"functionsResolution":{"declared":true,"installed":true,"version":"3.13.2","resolution":"C:\\Users\\Khan Tanveer\\Desktop\\practice react\\amazon-clone\\functions\\node_modules\\firebase-functions\\lib\\index.js"}} {"metadata":{"emulator":{"name":"functions"},"message":"[runtime-status] [10288] firebase-functions has been stubbed. {\"functionsResolution\":{\"declared\":true,\"installed\":true,\"version\":\"3.13.2\",\"resolution\":\"C:\\\\Users\\\\Khan Tanveer\\\\Desktop\\\\practice react\\\\amazon-clone\\\\functions\\\\node_modules\\\\firebase-functions\\\\lib\\\\index.js\"}}"}}
[debug] [2021-04-06T18:11:13.132Z] [runtime-status] [10288] Resolved module firebase-functions {"declared":true,"installed":true,"version":"3.13.2","resolution":"C:\\Users\\Khan Tanveer\\Desktop\\practice react\\amazon-clone\\functions\\node_modules\\firebase-functions\\lib\\index.js"} {"metadata":{"emulator":{"name":"functions"},"message":"[runtime-status] [10288] Resolved module firebase-functions {\"declared\":true,\"installed\":true,\"version\":\"3.13.2\",\"resolution\":\"C:\\\\Users\\\\Khan Tanveer\\\\Desktop\\\\practice react\\\\amazon-clone\\\\functions\\\\node_modules\\\\firebase-functions\\\\lib\\\\index.js\"}"}}
[debug] [2021-04-06T18:11:13.138Z] [runtime-status] [10288] Resolved module firebase-admin {"declared":true,"installed":true,"version":"9.6.0","resolution":"C:\\Users\\Khan Tanveer\\Desktop\\practice react\\amazon-clone\\functions\\node_modules\\firebase-admin\\lib\\index.js"} {"metadata":{"emulator":{"name":"functions"},"message":"[runtime-status] [10288] Resolved module firebase-admin {\"declared\":true,\"installed\":true,\"version\":\"9.6.0\",\"resolution\":\"C:\\\\Users\\\\Khan Tanveer\\\\Desktop\\\\practice react\\\\amazon-clone\\\\functions\\\\node_modules\\\\firebase-admin\\\\lib\\\\index.js\"}"}}
[debug] [2021-04-06T18:11:13.141Z] [runtime-status] [10288] Resolved module firebase-functions {"declared":true,"installed":true,"version":"3.13.2","resolution":"C:\\Users\\Khan Tanveer\\Desktop\\practice react\\amazon-clone\\functions\\node_modules\\firebase-functions\\lib\\index.js"} {"metadata":{"emulator":{"name":"functions"},"message":"[runtime-status] [10288] Resolved module firebase-functions {\"declared\":true,\"installed\":true,\"version\":\"3.13.2\",\"resolution\":\"C:\\\\Users\\\\Khan Tanveer\\\\Desktop\\\\practice react\\\\amazon-clone\\\\functions\\\\node_modules\\\\firebase-functions\\\\lib\\\\index.js\"}"}}
[debug] [2021-04-06T18:11:13.143Z] [runtime-status] [10288] firebase-admin has been stubbed. {"adminResolution":{"declared":true,"installed":true,"version":"9.6.0","resolution":"C:\\Users\\Khan Tanveer\\Desktop\\practice react\\amazon-clone\\functions\\node_modules\\firebase-admin\\lib\\index.js"}} {"metadata":{"emulator":{"name":"functions"},"message":"[runtime-status] [10288] firebase-admin has been stubbed. {\"adminResolution\":{\"declared\":true,\"installed\":true,\"version\":\"9.6.0\",\"resolution\":\"C:\\\\Users\\\\Khan Tanveer\\\\Desktop\\\\practice react\\\\amazon-clone\\\\functions\\\\node_modules\\\\firebase-admin\\\\lib\\\\index.js\"}}"}}
